<?xml version="1.0" encoding="UTF-8"?>
<robot generator="Robot 4.1.2 (Python 3.10.1 on linux)" generated="20211229 12:29:22.629" rpa="false" schemaversion="2">
<suite id="s1" name="Tests" source="/home/dhilipsiva/projects/reckonsys/robot-intro/tests">
<suite id="s1-s1" name="Bot-Builder" source="/home/dhilipsiva/projects/reckonsys/robot-intro/tests/bot-builder.robot">
<test id="s1-s1-t1" name="Preview Bots">
<kw name="open the browser with the company url email">
<kw name="Open Browser" library="SeleniumLibrary">
<arg>https://appqa.enquirybot.com/login</arg>
<doc>Opens a new browser instance to the optional ``url``.</doc>
<msg timestamp="20211229 12:29:22.796" level="INFO">Opening browser 'firefox' to base url 'https://appqa.enquirybot.com/login'.</msg>
<msg timestamp="20211229 12:29:22.797" level="INFO">Firefox driver log is always forced to to: /home/dhilipsiva/projects/reckonsys/robot-intro/geckodriver-13.log</msg>
<status status="PASS" starttime="20211229 12:29:22.795" endtime="20211229 12:29:27.008"/>
</kw>
<kw name="Maximize Browser Window" library="SeleniumLibrary">
<doc>Maximizes current browser window.</doc>
<status status="PASS" starttime="20211229 12:29:27.008" endtime="20211229 12:29:32.013"/>
</kw>
<status status="PASS" starttime="20211229 12:29:22.795" endtime="20211229 12:29:32.014"/>
</kw>
<kw name="fill the login page">
<kw name="Input Text" library="SeleniumLibrary">
<arg>id:login-page-username</arg>
<arg>subhajit@reckonsys.com</arg>
<doc>Types the given ``text`` into the text field identified by ``locator``.</doc>
<msg timestamp="20211229 12:29:32.015" level="INFO">Typing text 'subhajit@reckonsys.com' into text field 'id:login-page-username'.</msg>
<status status="PASS" starttime="20211229 12:29:32.014" endtime="20211229 12:29:32.112"/>
</kw>
<kw name="Input Password" library="SeleniumLibrary">
<arg>id:login-page-password</arg>
<arg>subhajit@reckonsys.com</arg>
<doc>Types the given password into the text field identified by ``locator``.</doc>
<msg timestamp="20211229 12:29:32.113" level="INFO">Typing password into text field 'id:login-page-password'.</msg>
<msg timestamp="20211229 12:29:32.124" level="INFO">Temporally setting log level to: NONE</msg>
<msg timestamp="20211229 12:29:32.168" level="INFO">Log level changed from NONE to INFO.</msg>
<status status="PASS" starttime="20211229 12:29:32.113" endtime="20211229 12:29:32.168"/>
</kw>
<kw name="Click Button" library="SeleniumLibrary">
<arg>id:login-page-submit-btn</arg>
<doc>Clicks the button identified by ``locator``.</doc>
<msg timestamp="20211229 12:29:32.168" level="INFO">Clicking button 'id:login-page-submit-btn'.</msg>
<status status="PASS" starttime="20211229 12:29:32.168" endtime="20211229 12:29:32.403"/>
</kw>
<kw name="Wait Until Element Is Visible" library="SeleniumLibrary">
<arg>xpath://button[text()='Dismiss']/..</arg>
<doc>Waits until the element ``locator`` is visible.</doc>
<kw name="Capture Page Screenshot" library="SeleniumLibrary">
<doc>Takes a screenshot of the current page and embeds it into a log file.</doc>
<msg timestamp="20211229 12:29:37.661" level="INFO" html="true">&lt;/td&gt;&lt;/tr&gt;&lt;tr&gt;&lt;td colspan="3"&gt;&lt;a href="selenium-screenshot-9.png"&gt;&lt;img src="selenium-screenshot-9.png" width="800px"&gt;&lt;/a&gt;</msg>
<status status="PASS" starttime="20211229 12:29:37.593" endtime="20211229 12:29:37.662"/>
</kw>
<msg timestamp="20211229 12:29:37.663" level="FAIL">Element 'xpath://button[text()='Dismiss']/..' not visible after 5 seconds.</msg>
<status status="FAIL" starttime="20211229 12:29:32.403" endtime="20211229 12:29:37.663"/>
</kw>
<kw name="Click Element" library="SeleniumLibrary">
<arg>xpath://button[text()='Dismiss']/..</arg>
<doc>Click the element identified by ``locator``.</doc>
<status status="NOT RUN" starttime="20211229 12:29:37.663" endtime="20211229 12:29:37.663"/>
</kw>
<status status="FAIL" starttime="20211229 12:29:32.014" endtime="20211229 12:29:37.663"/>
</kw>
<kw name="Accounts page and select the clients bots option">
<status status="NOT RUN" starttime="20211229 12:29:37.664" endtime="20211229 12:29:37.664"/>
</kw>
<status status="FAIL" starttime="20211229 12:29:22.794" endtime="20211229 12:29:37.664">Element 'xpath://button[text()='Dismiss']/..' not visible after 5 seconds.</status>
</test>
<test id="s1-s1-t2" name="My Secon Test">
<kw name="Log" library="BuiltIn">
<arg>foo</arg>
<doc>Logs the given message with the given level.</doc>
<msg timestamp="20211229 12:29:37.665" level="INFO">foo</msg>
<status status="PASS" starttime="20211229 12:29:37.665" endtime="20211229 12:29:37.665"/>
</kw>
<status status="PASS" starttime="20211229 12:29:37.664" endtime="20211229 12:29:37.665"/>
</test>
<kw name="Cleanup Browsers" type="TEARDOWN">
<kw name="Close All Browsers" library="SeleniumLibrary">
<doc>Closes all open browsers and resets the browser cache.</doc>
<status status="PASS" starttime="20211229 12:29:37.667" endtime="20211229 12:29:38.303"/>
</kw>
<status status="PASS" starttime="20211229 12:29:37.666" endtime="20211229 12:29:38.303"/>
</kw>
<doc>To check email task</doc>
<status status="FAIL" starttime="20211229 12:29:22.650" endtime="20211229 12:29:38.303"/>
</suite>
<suite id="s1-s2" name="Pipeline-Automation" source="/home/dhilipsiva/projects/reckonsys/robot-intro/tests/pipeline-automation.robot">
<test id="s1-s2-t1" name="Add pipeline emquiry">
<kw name="open the browser with the company url email">
<kw name="Open Browser" library="SeleniumLibrary">
<arg>https://appqa.enquirybot.com/login</arg>
<doc>Opens a new browser instance to the optional ``url``.</doc>
<msg timestamp="20211229 12:29:38.310" level="INFO">Opening browser 'firefox' to base url 'https://appqa.enquirybot.com/login'.</msg>
<msg timestamp="20211229 12:29:38.310" level="INFO">Firefox driver log is always forced to to: /home/dhilipsiva/projects/reckonsys/robot-intro/geckodriver-14.log</msg>
<status status="PASS" starttime="20211229 12:29:38.310" endtime="20211229 12:29:43.681"/>
</kw>
<kw name="Maximize Browser Window" library="SeleniumLibrary">
<doc>Maximizes current browser window.</doc>
<status status="PASS" starttime="20211229 12:29:43.681" endtime="20211229 12:29:48.691"/>
</kw>
<status status="PASS" starttime="20211229 12:29:38.309" endtime="20211229 12:29:48.692"/>
</kw>
<kw name="fill the login page">
<kw name="Get Page Object" library="Reckonsys">
<var>${commonPage}</var>
<arg>common.json</arg>
<msg timestamp="20211229 12:29:48.695" level="INFO">${commonPage} = &lt;Reckonsys.PageObject object at 0x7f5a3750c250&gt;</msg>
<status status="PASS" starttime="20211229 12:29:48.694" endtime="20211229 12:29:48.695"/>
</kw>
<kw name="Log" library="BuiltIn">
<arg>${commonPage}</arg>
<doc>Logs the given message with the given level.</doc>
<msg timestamp="20211229 12:29:48.697" level="INFO">&lt;Reckonsys.PageObject object at 0x7f5a3750c250&gt;</msg>
<status status="PASS" starttime="20211229 12:29:48.696" endtime="20211229 12:29:48.697"/>
</kw>
<kw name="Input Text" library="SeleniumLibrary">
<arg>id:login-page-username</arg>
<arg>subhajit@reckonsys.com</arg>
<doc>Types the given ``text`` into the text field identified by ``locator``.</doc>
<msg timestamp="20211229 12:29:48.699" level="INFO">Typing text 'subhajit@reckonsys.com' into text field 'id:login-page-username'.</msg>
<status status="PASS" starttime="20211229 12:29:48.698" endtime="20211229 12:29:48.792"/>
</kw>
<kw name="Input Password" library="SeleniumLibrary">
<arg>id:login-page-password</arg>
<arg>subhajit@reckonsys.com</arg>
<doc>Types the given password into the text field identified by ``locator``.</doc>
<msg timestamp="20211229 12:29:48.793" level="INFO">Typing password into text field 'id:login-page-password'.</msg>
<msg timestamp="20211229 12:29:48.800" level="INFO">Temporally setting log level to: NONE</msg>
<msg timestamp="20211229 12:29:48.839" level="INFO">Log level changed from NONE to INFO.</msg>
<status status="PASS" starttime="20211229 12:29:48.793" endtime="20211229 12:29:48.840"/>
</kw>
<kw name="Click Button" library="SeleniumLibrary">
<arg>id:login-page-submit-btn</arg>
<doc>Clicks the button identified by ``locator``.</doc>
<msg timestamp="20211229 12:29:48.840" level="INFO">Clicking button 'id:login-page-submit-btn'.</msg>
<status status="PASS" starttime="20211229 12:29:48.840" endtime="20211229 12:29:49.072"/>
</kw>
<kw name="Wait Until Element Is Visible" library="SeleniumLibrary">
<arg>xpath://button[text()='Dismiss']/..</arg>
<doc>Waits until the element ``locator`` is visible.</doc>
<kw name="Capture Page Screenshot" library="SeleniumLibrary">
<doc>Takes a screenshot of the current page and embeds it into a log file.</doc>
<msg timestamp="20211229 12:29:54.149" level="INFO" html="true">&lt;/td&gt;&lt;/tr&gt;&lt;tr&gt;&lt;td colspan="3"&gt;&lt;a href="selenium-screenshot-10.png"&gt;&lt;img src="selenium-screenshot-10.png" width="800px"&gt;&lt;/a&gt;</msg>
<status status="PASS" starttime="20211229 12:29:54.094" endtime="20211229 12:29:54.149"/>
</kw>
<msg timestamp="20211229 12:29:54.150" level="FAIL">Element 'xpath://button[text()='Dismiss']/..' not visible after 5 seconds.</msg>
<status status="FAIL" starttime="20211229 12:29:49.073" endtime="20211229 12:29:54.150"/>
</kw>
<kw name="Click Element" library="SeleniumLibrary">
<arg>xpath://button[text()='Dismiss']/..</arg>
<doc>Click the element identified by ``locator``.</doc>
<status status="NOT RUN" starttime="20211229 12:29:54.150" endtime="20211229 12:29:54.150"/>
</kw>
<status status="FAIL" starttime="20211229 12:29:48.692" endtime="20211229 12:29:54.151"/>
</kw>
<kw name="go to clients pipeline and go to Automation page and click add automation option">
<status status="NOT RUN" starttime="20211229 12:29:54.151" endtime="20211229 12:29:54.151"/>
</kw>
<status status="FAIL" starttime="20211229 12:29:38.308" endtime="20211229 12:29:54.151">Element 'xpath://button[text()='Dismiss']/..' not visible after 5 seconds.</status>
</test>
<kw name="Cleanup Browsers" type="TEARDOWN">
<kw name="Close All Browsers" library="SeleniumLibrary">
<doc>Closes all open browsers and resets the browser cache.</doc>
<status status="PASS" starttime="20211229 12:29:54.152" endtime="20211229 12:29:54.785"/>
</kw>
<status status="PASS" starttime="20211229 12:29:54.152" endtime="20211229 12:29:54.785"/>
</kw>
<doc>To check email task</doc>
<status status="FAIL" starttime="20211229 12:29:38.305" endtime="20211229 12:29:54.785"/>
</suite>
<status status="FAIL" starttime="20211229 12:29:22.630" endtime="20211229 12:29:54.787"/>
</suite>
<statistics>
<total>
<stat pass="1" fail="2" skip="0">All Tests</stat>
</total>
<tag>
</tag>
<suite>
<stat pass="1" fail="2" skip="0" id="s1" name="Tests">Tests</stat>
<stat pass="1" fail="1" skip="0" id="s1-s1" name="Bot-Builder">Tests.Bot-Builder</stat>
<stat pass="0" fail="1" skip="0" id="s1-s2" name="Pipeline-Automation">Tests.Pipeline-Automation</stat>
</suite>
</statistics>
<errors>
</errors>
</robot>
